{"module":"userService","level":"info","message":"用户未登录"}
{"module":"userService","level":"info","message":"用户未登录"}
{"module":"userService","level":"info","message":"用户未登录"}
{"module":"userService","level":"info","message":"用户未登录"}
[32minfo[39m: 用户未登录 {"module":"userService"}
2018-09-02T14:47:09.455Z [undefined] [32minfo[39m: 用户未登录
2018-09-02T14:50:09.232Z [[32MINFO[39M] default: 用户未登录
2018-09-02T14:53:12.117Z [[32minfo[39m] default: 用户未登录
2018-09-02T14:53:59.712Z [[32minfo[39m] default: 用户未登录
2018-09-02T14:55:14.348Z [[32minfo[39m] userService: 用户未登录
2018-09-02T14:57:38.513Z [[32minfo[39m] userService: 用户未登录
2018-09-02T14:57:58.668Z [[32minfo[39m] userService: [32m用户未登录[39m
2018-09-02T15:02:35.140Z [info] userService: 用户未登录
2018-09-03T14:02:00.859Z [info] userService: 用户未登录
2018-09-03T14:02:00.910Z [info] userService: 用户未登录
2018-09-03T14:05:39.310Z [info] userService: 用户已登录
2018-09-03T14:05:39.314Z [info] userService: 已登录
2018-09-03T14:18:14.195Z [info] userService: 用户已登录
2018-09-03T14:22:12.572Z [info] userService: 用户已登录
2018-09-03T14:22:19.551Z [info] userService: 用户已登录
2018-09-03T14:35:23.931Z [info] userService: 用户已登录
2018-09-09T12:25:18.975Z [info] userService: 用户未登录
2018-09-09T12:25:19.040Z [info] userService: 用户未登录
2018-09-09T13:47:00.196Z [info] userService: 用户未登录
2018-09-09T13:47:00.293Z [info] userService: 用户未登录
2018-09-09T13:59:49.015Z [info] userService: 用户未登录
2018-09-09T13:59:58.930Z [info] userService: 用户未登录
2018-09-09T14:00:35.641Z [info] userService: 用户未登录
2018-09-09T14:02:34.135Z [info] userService: 用户未登录
2018-09-09T14:04:33.207Z [info] userService: 用户未登录
2018-09-09T14:05:11.803Z [info] userService: 用户未登录
2018-09-09T14:12:19.948Z [info] userService: 用户未登录
2018-09-09T14:14:16.586Z [info] userService: 用户未登录
2018-09-09T14:15:40.841Z [info] userService: 用户未登录
2018-09-09T14:15:50.334Z [info] userService: 用户未登录
2018-09-09T14:16:21.271Z [info] userService: 用户未登录
2018-09-09T14:16:49.571Z [info] userService: 用户未登录
2018-09-09T14:16:56.725Z [info] userService: 用户未登录
2018-09-09T15:07:41.273Z [info] userService: 用户已登录
2018-10-10T03:04:46.463Z [info] userService: 用户未登录
2018-10-10T03:05:44.137Z [info] userService: 用户未登录
2018-10-10T03:05:49.863Z [info] userService: 用户未登录
2018-10-10T03:09:09.161Z [info] userService: 用户未登录
2018-10-10T03:11:28.963Z [info] userService: 用户未登录
2018-10-10T03:11:33.155Z [info] userService: 用户未登录
2018-10-10T03:25:43.002Z [info] userService: 用户未登录
2018-10-10T03:25:43.150Z [info] userService: 用户未登录
2018-10-10T03:26:01.169Z [info] userService: 用户未登录
2018-10-10T03:26:23.629Z [info] userService: 用户已登录
2018-10-10T03:30:07.583Z [info] userService: 用户已登录
2018-10-10T03:32:27.855Z [info] userService: 用户已登录
2018-10-10T03:35:42.271Z [info] userService: 用户已登录
2018-10-10T03:35:59.187Z [info] userService: 用户已登录
